{"C:\\Users\\Madi Arnold\\Desktop\\461-project-9\\src\\license_ramp_up_metric.ts": {"path":"C:\\Users\\Madi Arnold\\Desktop\\461-project-9\\src\\license_ramp_up_metric.ts","statementMap":{"0":{"start":{"line":2,"column":0},"end":{"line":2,"column":25}},"1":{"start":{"line":3,"column":0},"end":{"line":3,"column":32}},"2":{"start":{"line":4,"column":0},"end":{"line":4,"column":33}},"3":{"start":{"line":5,"column":0},"end":{"line":5,"column":44}},"4":{"start":{"line":6,"column":0},"end":{"line":6,"column":26}},"5":{"start":{"line":7,"column":0},"end":{"line":7,"column":27}},"6":{"start":{"line":8,"column":0},"end":{"line":8,"column":39}},"7":{"start":{"line":9,"column":0},"end":{"line":9,"column":37}},"8":{"start":{"line":11,"column":27},"end":{"line":16,"column":2}},"9":{"start":{"line":19,"column":2},"end":{"line":39,"column":null}},"10":{"start":{"line":21,"column":4},"end":{"line":26,"column":7}},"11":{"start":{"line":31,"column":21},"end":{"line":34,"column":6}},"12":{"start":{"line":38,"column":4},"end":{"line":38,"column":54}},"13":{"start":{"line":44,"column":2},"end":{"line":68,"column":null}},"14":{"start":{"line":46,"column":21},"end":{"line":46,"column":81}},"15":{"start":{"line":48,"column":4},"end":{"line":51,"column":null}},"16":{"start":{"line":49,"column":6},"end":{"line":49,"column":75}},"17":{"start":{"line":50,"column":6},"end":{"line":50,"column":20}},"18":{"start":{"line":54,"column":28},"end":{"line":54,"column":41}},"19":{"start":{"line":59,"column":4},"end":{"line":64,"column":null}},"20":{"start":{"line":60,"column":6},"end":{"line":60,"column":103}},"21":{"start":{"line":62,"column":6},"end":{"line":62,"column":64}},"22":{"start":{"line":63,"column":6},"end":{"line":63,"column":20}},"23":{"start":{"line":66,"column":4},"end":{"line":66,"column":69}},"24":{"start":{"line":67,"column":4},"end":{"line":67,"column":18}},"25":{"start":{"line":73,"column":16},"end":{"line":73,"column":33}},"26":{"start":{"line":74,"column":2},"end":{"line":74,"column":22}},"27":{"start":{"line":79,"column":19},"end":{"line":79,"column":22}},"28":{"start":{"line":82,"column":2},"end":{"line":82,"column":54}},"29":{"start":{"line":86,"column":29},"end":{"line":86,"column":31}},"30":{"start":{"line":87,"column":25},"end":{"line":87,"column":32}},"31":{"start":{"line":88,"column":16},"end":{"line":88,"column":41}},"32":{"start":{"line":89,"column":2},"end":{"line":97,"column":null}},"33":{"start":{"line":90,"column":21},"end":{"line":90,"column":42}},"34":{"start":{"line":91,"column":18},"end":{"line":91,"column":39}},"35":{"start":{"line":92,"column":4},"end":{"line":96,"column":null}},"36":{"start":{"line":93,"column":6},"end":{"line":93,"column":29}},"37":{"start":{"line":94,"column":11},"end":{"line":96,"column":null}},"38":{"start":{"line":95,"column":6},"end":{"line":95,"column":30}},"39":{"start":{"line":98,"column":2},"end":{"line":98,"column":18}},"40":{"start":{"line":102,"column":2},"end":{"line":126,"column":null}},"41":{"start":{"line":104,"column":19},"end":{"line":104,"column":31}},"42":{"start":{"line":107,"column":21},"end":{"line":107,"column":43}},"43":{"start":{"line":110,"column":20},"end":{"line":110,"column":46}},"44":{"start":{"line":113,"column":22},"end":{"line":113,"column":23}},"45":{"start":{"line":114,"column":4},"end":{"line":117,"column":null}},"46":{"start":{"line":116,"column":6},"end":{"line":116,"column":61}},"47":{"start":{"line":120,"column":22},"end":{"line":120,"column":58}},"48":{"start":{"line":122,"column":4},"end":{"line":122,"column":21}},"49":{"start":{"line":125,"column":4},"end":{"line":125,"column":13}},"50":{"start":{"line":130,"column":20},"end":{"line":130,"column":33}},"51":{"start":{"line":131,"column":20},"end":{"line":131,"column":32}},"52":{"start":{"line":132,"column":22},"end":{"line":132,"column":23}},"53":{"start":{"line":133,"column":22},"end":{"line":133,"column":23}},"54":{"start":{"line":134,"column":26},"end":{"line":134,"column":27}},"55":{"start":{"line":137,"column":4},"end":{"line":137,"column":27}},"56":{"start":{"line":140,"column":16},"end":{"line":140,"column":63}},"57":{"start":{"line":141,"column":18},"end":{"line":141,"column":32}},"58":{"start":{"line":142,"column":4},"end":{"line":151,"column":null}},"59":{"start":{"line":146,"column":6},"end":{"line":146,"column":50}},"60":{"start":{"line":147,"column":6},"end":{"line":150,"column":null}},"61":{"start":{"line":149,"column":8},"end":{"line":149,"column":59}},"62":{"start":{"line":156,"column":4},"end":{"line":156,"column":44}},"63":{"start":{"line":159,"column":21},"end":{"line":159,"column":43}},"64":{"start":{"line":160,"column":24},"end":{"line":160,"column":30}},"65":{"start":{"line":161,"column":4},"end":{"line":168,"column":null}},"66":{"start":{"line":162,"column":6},"end":{"line":162,"column":73}},"67":{"start":{"line":164,"column":6},"end":{"line":164,"column":48}},"68":{"start":{"line":165,"column":6},"end":{"line":167,"column":null}},"69":{"start":{"line":166,"column":8},"end":{"line":166,"column":75}},"70":{"start":{"line":171,"column":4},"end":{"line":175,"column":null}},"71":{"start":{"line":172,"column":6},"end":{"line":174,"column":null}},"72":{"start":{"line":173,"column":8},"end":{"line":173,"column":24}},"73":{"start":{"line":178,"column":22},"end":{"line":178,"column":47}},"74":{"start":{"line":179,"column":25},"end":{"line":179,"column":29}},"75":{"start":{"line":180,"column":4},"end":{"line":180,"column":68}},"76":{"start":{"line":184,"column":4},"end":{"line":184,"column":67}},"77":{"start":{"line":188,"column":4},"end":{"line":193,"column":null}},"78":{"start":{"line":189,"column":6},"end":{"line":189,"column":30}},"79":{"start":{"line":192,"column":6},"end":{"line":192,"column":64}},"80":{"start":{"line":196,"column":4},"end":{"line":196,"column":56}},"81":{"start":{"line":129,"column":0},"end":{"line":129,"column":22}}},"fnMap":{"0":{"name":"cloneRepository","decl":{"start":{"line":18,"column":15},"end":{"line":18,"column":30}},"loc":{"start":{"line":18,"column":65},"end":{"line":40,"column":null}}},"1":{"name":"findGitHubRepoUrl","decl":{"start":{"line":43,"column":15},"end":{"line":43,"column":32}},"loc":{"start":{"line":43,"column":52},"end":{"line":69,"column":null}}},"2":{"name":"countWords","decl":{"start":{"line":72,"column":9},"end":{"line":72,"column":19}},"loc":{"start":{"line":72,"column":32},"end":{"line":75,"column":1}}},"3":{"name":"calculate_ramp_up_metric","decl":{"start":{"line":78,"column":9},"end":{"line":78,"column":33}},"loc":{"start":{"line":78,"column":73},"end":{"line":83,"column":1}}},"4":{"name":"findAllFiles","decl":{"start":{"line":85,"column":9},"end":{"line":85,"column":21}},"loc":{"start":{"line":85,"column":39},"end":{"line":99,"column":1}}},"5":{"name":"calculate_correctness_metric","decl":{"start":{"line":101,"column":15},"end":{"line":101,"column":43}},"loc":{"start":{"line":101,"column":60},"end":{"line":127,"column":null}}},"6":{"name":"license_ramp_up_metric","decl":{"start":{"line":129,"column":22},"end":{"line":129,"column":44}},"loc":{"start":{"line":129,"column":60},"end":{"line":197,"column":null}}}},"branchMap":{"0":{"loc":{"start":{"line":48,"column":4},"end":{"line":51,"column":null}},"type":"if","locations":[{"start":{"line":48,"column":4},"end":{"line":51,"column":null}}]},"1":{"loc":{"start":{"line":59,"column":4},"end":{"line":64,"column":null}},"type":"if","locations":[{"start":{"line":59,"column":4},"end":{"line":64,"column":null}},{"start":{"line":61,"column":11},"end":{"line":64,"column":null}}]},"2":{"loc":{"start":{"line":59,"column":8},"end":{"line":59,"column":68}},"type":"binary-expr","locations":[{"start":{"line":59,"column":8},"end":{"line":59,"column":34}},{"start":{"line":59,"column":38},"end":{"line":59,"column":68}}]},"3":{"loc":{"start":{"line":92,"column":4},"end":{"line":96,"column":null}},"type":"if","locations":[{"start":{"line":92,"column":4},"end":{"line":96,"column":null}},{"start":{"line":94,"column":11},"end":{"line":96,"column":null}}]},"4":{"loc":{"start":{"line":94,"column":11},"end":{"line":96,"column":null}},"type":"if","locations":[{"start":{"line":94,"column":11},"end":{"line":96,"column":null}}]},"5":{"loc":{"start":{"line":142,"column":4},"end":{"line":151,"column":null}},"type":"if","locations":[{"start":{"line":142,"column":4},"end":{"line":151,"column":null}}]},"6":{"loc":{"start":{"line":147,"column":6},"end":{"line":150,"column":null}},"type":"if","locations":[{"start":{"line":147,"column":6},"end":{"line":150,"column":null}}]},"7":{"loc":{"start":{"line":161,"column":4},"end":{"line":168,"column":null}},"type":"if","locations":[{"start":{"line":161,"column":4},"end":{"line":168,"column":null}},{"start":{"line":163,"column":11},"end":{"line":168,"column":null}}]},"8":{"loc":{"start":{"line":165,"column":6},"end":{"line":167,"column":null}},"type":"if","locations":[{"start":{"line":165,"column":6},"end":{"line":167,"column":null}}]},"9":{"loc":{"start":{"line":172,"column":6},"end":{"line":174,"column":null}},"type":"if","locations":[{"start":{"line":172,"column":6},"end":{"line":174,"column":null}}]}},"s":{"0":1,"1":1,"2":1,"3":1,"4":1,"5":1,"6":1,"7":1,"8":1,"9":2,"10":2,"11":2,"12":0,"13":1,"14":1,"15":1,"16":0,"17":0,"18":1,"19":1,"20":1,"21":0,"22":0,"23":0,"24":0,"25":2,"26":2,"27":2,"28":2,"29":64,"30":64,"31":64,"32":64,"33":341,"34":341,"35":341,"36":62,"37":279,"38":53,"39":64,"40":2,"41":2,"42":2,"43":2,"44":2,"45":2,"46":0,"47":1,"48":1,"49":1,"50":2,"51":2,"52":2,"53":2,"54":2,"55":2,"56":2,"57":2,"58":2,"59":1,"60":1,"61":0,"62":2,"63":2,"64":2,"65":2,"66":2,"67":0,"68":0,"69":0,"70":2,"71":6,"72":0,"73":2,"74":2,"75":2,"76":2,"77":2,"78":2,"79":0,"80":2,"81":1},"f":{"0":2,"1":1,"2":2,"3":2,"4":64,"5":2,"6":2},"b":{"0":[0],"1":[1,0],"2":[1,1],"3":[62,279],"4":[53],"5":[1],"6":[0],"7":[2,0],"8":[0],"9":[0]}}
,"C:\\Users\\Madi Arnold\\Desktop\\461-project-9\\src\\lint-score.ts": {"path":"C:\\Users\\Madi Arnold\\Desktop\\461-project-9\\src\\lint-score.ts","statementMap":{"0":{"start":{"line":8,"column":0},"end":{"line":8,"column":41}},"1":{"start":{"line":11,"column":2},"end":{"line":29,"column":null}},"2":{"start":{"line":13,"column":25},"end":{"line":13,"column":68}},"3":{"start":{"line":16,"column":23},"end":{"line":16,"column":66}},"4":{"start":{"line":17,"column":25},"end":{"line":17,"column":70}},"5":{"start":{"line":20,"column":24},"end":{"line":20,"column":49}},"6":{"start":{"line":23,"column":22},"end":{"line":23,"column":56}},"7":{"start":{"line":25,"column":4},"end":{"line":25,"column":21}},"8":{"start":{"line":27,"column":4},"end":{"line":27,"column":50}},"9":{"start":{"line":28,"column":4},"end":{"line":28,"column":13}},"10":{"start":{"line":32,"column":14},"end":{"line":32,"column":28}},"11":{"start":{"line":33,"column":0},"end":{"line":33,"column":34}},"12":{"start":{"line":34,"column":0},"end":{"line":34,"column":34}}},"fnMap":{"0":{"name":"getLintScore","decl":{"start":{"line":10,"column":9},"end":{"line":10,"column":21}},"loc":{"start":{"line":10,"column":21},"end":{"line":30,"column":1}}}},"branchMap":{"0":{"loc":{"start":{"line":16,"column":24},"end":{"line":16,"column":58}},"type":"binary-expr","locations":[{"start":{"line":16,"column":24},"end":{"line":16,"column":52}},{"start":{"line":16,"column":56},"end":{"line":16,"column":58}}]},"1":{"loc":{"start":{"line":17,"column":26},"end":{"line":17,"column":62}},"type":"binary-expr","locations":[{"start":{"line":17,"column":26},"end":{"line":17,"column":56}},{"start":{"line":17,"column":60},"end":{"line":17,"column":62}}]},"2":{"loc":{"start":{"line":34,"column":13},"end":{"line":34,"column":32}},"type":"cond-expr","locations":[{"start":{"line":34,"column":27},"end":{"line":34,"column":28}},{"start":{"line":34,"column":31},"end":{"line":34,"column":32}}]}},"s":{"0":0,"1":0,"2":0,"3":0,"4":0,"5":0,"6":0,"7":0,"8":0,"9":0,"10":0,"11":0,"12":0},"f":{"0":0},"b":{"0":[0,0],"1":[0,0],"2":[0,0]}}
,"C:\\Users\\Madi Arnold\\Desktop\\461-project-9\\src\\run.ts": {"path":"C:\\Users\\Madi Arnold\\Desktop\\461-project-9\\src\\run.ts","statementMap":{"0":{"start":{"line":2,"column":0},"end":{"line":2,"column":25}},"1":{"start":{"line":3,"column":0},"end":{"line":3,"column":66}},"2":{"start":{"line":12,"column":2},"end":{"line":31,"column":null}},"3":{"start":{"line":13,"column":21},"end":{"line":13,"column":28}},"4":{"start":{"line":14,"column":25},"end":{"line":14,"column":59}},"5":{"start":{"line":17,"column":17},"end":{"line":17,"column":74}},"6":{"start":{"line":17,"column":56},"end":{"line":17,"column":73}},"7":{"start":{"line":22,"column":4},"end":{"line":28,"column":null}},"8":{"start":{"line":23,"column":6},"end":{"line":23,"column":65}},"9":{"start":{"line":24,"column":6},"end":{"line":24,"column":59}},"10":{"start":{"line":25,"column":6},"end":{"line":25,"column":58}},"11":{"start":{"line":26,"column":6},"end":{"line":26,"column":58}},"12":{"start":{"line":27,"column":6},"end":{"line":27,"column":62}},"13":{"start":{"line":30,"column":4},"end":{"line":30,"column":33}},"14":{"start":{"line":34,"column":2},"end":{"line":34,"column":18}},"15":{"start":{"line":44,"column":2},"end":{"line":44,"column":34}},"16":{"start":{"line":45,"column":2},"end":{"line":45,"column":18}},"17":{"start":{"line":49,"column":13},"end":{"line":49,"column":34}},"18":{"start":{"line":51,"column":0},"end":{"line":65,"column":null}},"19":{"start":{"line":53,"column":4},"end":{"line":53,"column":15}},"20":{"start":{"line":57,"column":4},"end":{"line":64,"column":7}},"21":{"start":{"line":58,"column":8},"end":{"line":63,"column":null}},"22":{"start":{"line":59,"column":12},"end":{"line":59,"column":null}},"23":{"start":{"line":61,"column":12},"end":{"line":61,"column":null}},"24":{"start":{"line":62,"column":12},"end":{"line":62,"column":33}}},"fnMap":{"0":{"name":"processUrls","decl":{"start":{"line":6,"column":15},"end":{"line":6,"column":26}},"loc":{"start":{"line":6,"column":42},"end":{"line":35,"column":null}}},"1":{"name":"(anonymous_9)","decl":{"start":{"line":17,"column":49},"end":{"line":17,"column":52}},"loc":{"start":{"line":17,"column":56},"end":{"line":17,"column":73}}},"2":{"name":"runTests","decl":{"start":{"line":38,"column":9},"end":{"line":38,"column":17}},"loc":{"start":{"line":38,"column":17},"end":{"line":46,"column":1}}},"3":{"name":"(anonymous_11)","decl":{"start":{"line":57,"column":42},"end":{"line":57,"column":43}},"loc":{"start":{"line":57,"column":50},"end":{"line":64,"column":5}}}},"branchMap":{"0":{"loc":{"start":{"line":51,"column":0},"end":{"line":65,"column":null}},"type":"if","locations":[{"start":{"line":51,"column":0},"end":{"line":65,"column":null}},{"start":{"line":56,"column":0},"end":{"line":65,"column":null}}]},"1":{"loc":{"start":{"line":58,"column":8},"end":{"line":63,"column":null}},"type":"if","locations":[{"start":{"line":58,"column":8},"end":{"line":63,"column":null}},{"start":{"line":60,"column":15},"end":{"line":63,"column":null}}]}},"s":{"0":0,"1":0,"2":0,"3":0,"4":0,"5":0,"6":0,"7":0,"8":0,"9":0,"10":0,"11":0,"12":0,"13":0,"14":0,"15":0,"16":0,"17":0,"18":0,"19":0,"20":0,"21":0,"22":0,"23":0,"24":0},"f":{"0":0,"1":0,"2":0,"3":0},"b":{"0":[0,0],"1":[0,0]}}
}
