{"C:\\Users\\Madi Arnold\\Desktop\\461-project-9\\src\\license_ramp_up_metric.ts": {"path":"C:\\Users\\Madi Arnold\\Desktop\\461-project-9\\src\\license_ramp_up_metric.ts","statementMap":{"0":{"start":{"line":2,"column":0},"end":{"line":2,"column":25}},"1":{"start":{"line":3,"column":0},"end":{"line":3,"column":32}},"2":{"start":{"line":4,"column":0},"end":{"line":4,"column":33}},"3":{"start":{"line":5,"column":0},"end":{"line":5,"column":44}},"4":{"start":{"line":6,"column":0},"end":{"line":6,"column":26}},"5":{"start":{"line":7,"column":0},"end":{"line":7,"column":27}},"6":{"start":{"line":8,"column":0},"end":{"line":8,"column":39}},"7":{"start":{"line":9,"column":0},"end":{"line":9,"column":37}},"8":{"start":{"line":11,"column":27},"end":{"line":15,"column":2}},"9":{"start":{"line":18,"column":2},"end":{"line":31,"column":null}},"10":{"start":{"line":20,"column":4},"end":{"line":25,"column":7}},"11":{"start":{"line":30,"column":4},"end":{"line":30,"column":54}},"12":{"start":{"line":36,"column":2},"end":{"line":60,"column":null}},"13":{"start":{"line":38,"column":21},"end":{"line":38,"column":81}},"14":{"start":{"line":40,"column":4},"end":{"line":43,"column":null}},"15":{"start":{"line":41,"column":6},"end":{"line":41,"column":75}},"16":{"start":{"line":42,"column":6},"end":{"line":42,"column":20}},"17":{"start":{"line":46,"column":28},"end":{"line":46,"column":41}},"18":{"start":{"line":51,"column":4},"end":{"line":56,"column":null}},"19":{"start":{"line":52,"column":6},"end":{"line":52,"column":103}},"20":{"start":{"line":54,"column":6},"end":{"line":54,"column":64}},"21":{"start":{"line":55,"column":6},"end":{"line":55,"column":20}},"22":{"start":{"line":58,"column":4},"end":{"line":58,"column":69}},"23":{"start":{"line":59,"column":4},"end":{"line":59,"column":18}},"24":{"start":{"line":35,"column":0},"end":{"line":35,"column":22}},"25":{"start":{"line":65,"column":16},"end":{"line":65,"column":33}},"26":{"start":{"line":66,"column":24},"end":{"line":66,"column":57}},"27":{"start":{"line":66,"column":45},"end":{"line":66,"column":56}},"28":{"start":{"line":67,"column":2},"end":{"line":67,"column":30}},"29":{"start":{"line":64,"column":0},"end":{"line":64,"column":16}},"30":{"start":{"line":72,"column":19},"end":{"line":72,"column":22}},"31":{"start":{"line":75,"column":2},"end":{"line":75,"column":54}},"32":{"start":{"line":71,"column":0},"end":{"line":71,"column":16}},"33":{"start":{"line":79,"column":29},"end":{"line":79,"column":31}},"34":{"start":{"line":80,"column":25},"end":{"line":80,"column":32}},"35":{"start":{"line":83,"column":18},"end":{"line":83,"column":44}},"36":{"start":{"line":84,"column":4},"end":{"line":93,"column":null}},"37":{"start":{"line":85,"column":23},"end":{"line":85,"column":45}},"38":{"start":{"line":86,"column":20},"end":{"line":86,"column":41}},"39":{"start":{"line":87,"column":6},"end":{"line":92,"column":null}},"40":{"start":{"line":89,"column":8},"end":{"line":89,"column":36}},"41":{"start":{"line":90,"column":13},"end":{"line":92,"column":null}},"42":{"start":{"line":91,"column":8},"end":{"line":91,"column":32}},"43":{"start":{"line":96,"column":2},"end":{"line":96,"column":31}},"44":{"start":{"line":97,"column":2},"end":{"line":97,"column":18}},"45":{"start":{"line":78,"column":0},"end":{"line":78,"column":16}},"46":{"start":{"line":101,"column":2},"end":{"line":125,"column":null}},"47":{"start":{"line":103,"column":19},"end":{"line":103,"column":31}},"48":{"start":{"line":106,"column":21},"end":{"line":106,"column":43}},"49":{"start":{"line":109,"column":20},"end":{"line":109,"column":46}},"50":{"start":{"line":112,"column":22},"end":{"line":112,"column":23}},"51":{"start":{"line":113,"column":4},"end":{"line":116,"column":null}},"52":{"start":{"line":115,"column":6},"end":{"line":115,"column":61}},"53":{"start":{"line":119,"column":22},"end":{"line":119,"column":59}},"54":{"start":{"line":121,"column":4},"end":{"line":121,"column":21}},"55":{"start":{"line":124,"column":4},"end":{"line":124,"column":13}},"56":{"start":{"line":100,"column":0},"end":{"line":100,"column":22}},"57":{"start":{"line":129,"column":20},"end":{"line":129,"column":33}},"58":{"start":{"line":130,"column":20},"end":{"line":130,"column":32}},"59":{"start":{"line":131,"column":22},"end":{"line":131,"column":23}},"60":{"start":{"line":132,"column":22},"end":{"line":132,"column":23}},"61":{"start":{"line":133,"column":26},"end":{"line":133,"column":27}},"62":{"start":{"line":136,"column":4},"end":{"line":136,"column":27}},"63":{"start":{"line":139,"column":16},"end":{"line":139,"column":63}},"64":{"start":{"line":140,"column":18},"end":{"line":140,"column":32}},"65":{"start":{"line":141,"column":4},"end":{"line":150,"column":null}},"66":{"start":{"line":145,"column":6},"end":{"line":145,"column":50}},"67":{"start":{"line":146,"column":6},"end":{"line":149,"column":null}},"68":{"start":{"line":148,"column":8},"end":{"line":148,"column":59}},"69":{"start":{"line":155,"column":4},"end":{"line":155,"column":44}},"70":{"start":{"line":158,"column":21},"end":{"line":158,"column":43}},"71":{"start":{"line":159,"column":24},"end":{"line":159,"column":30}},"72":{"start":{"line":160,"column":4},"end":{"line":167,"column":null}},"73":{"start":{"line":161,"column":6},"end":{"line":161,"column":73}},"74":{"start":{"line":163,"column":6},"end":{"line":163,"column":48}},"75":{"start":{"line":164,"column":6},"end":{"line":166,"column":null}},"76":{"start":{"line":165,"column":8},"end":{"line":165,"column":75}},"77":{"start":{"line":170,"column":4},"end":{"line":174,"column":null}},"78":{"start":{"line":171,"column":6},"end":{"line":173,"column":null}},"79":{"start":{"line":172,"column":8},"end":{"line":172,"column":24}},"80":{"start":{"line":177,"column":22},"end":{"line":177,"column":47}},"81":{"start":{"line":178,"column":25},"end":{"line":178,"column":29}},"82":{"start":{"line":179,"column":4},"end":{"line":179,"column":68}},"83":{"start":{"line":183,"column":4},"end":{"line":183,"column":67}},"84":{"start":{"line":187,"column":4},"end":{"line":192,"column":null}},"85":{"start":{"line":188,"column":6},"end":{"line":188,"column":30}},"86":{"start":{"line":191,"column":6},"end":{"line":191,"column":64}},"87":{"start":{"line":195,"column":4},"end":{"line":195,"column":56}},"88":{"start":{"line":128,"column":0},"end":{"line":128,"column":22}}},"fnMap":{"0":{"name":"cloneRepository","decl":{"start":{"line":17,"column":15},"end":{"line":17,"column":30}},"loc":{"start":{"line":17,"column":65},"end":{"line":32,"column":null}}},"1":{"name":"findGitHubRepoUrl","decl":{"start":{"line":35,"column":22},"end":{"line":35,"column":39}},"loc":{"start":{"line":35,"column":59},"end":{"line":61,"column":null}}},"2":{"name":"countWords","decl":{"start":{"line":64,"column":16},"end":{"line":64,"column":26}},"loc":{"start":{"line":64,"column":39},"end":{"line":68,"column":1}}},"3":{"name":"(anonymous_12)","decl":{"start":{"line":66,"column":37},"end":{"line":66,"column":41}},"loc":{"start":{"line":66,"column":45},"end":{"line":66,"column":56}}},"4":{"name":"calculate_ramp_up_metric","decl":{"start":{"line":71,"column":16},"end":{"line":71,"column":40}},"loc":{"start":{"line":71,"column":80},"end":{"line":76,"column":1}}},"5":{"name":"findAllFiles","decl":{"start":{"line":78,"column":16},"end":{"line":78,"column":28}},"loc":{"start":{"line":78,"column":46},"end":{"line":98,"column":1}}},"6":{"name":"traverseDirectory","decl":{"start":{"line":82,"column":11},"end":{"line":82,"column":28}},"loc":{"start":{"line":82,"column":47},"end":{"line":94,"column":3}}},"7":{"name":"calculate_correctness_metric","decl":{"start":{"line":100,"column":22},"end":{"line":100,"column":50}},"loc":{"start":{"line":100,"column":67},"end":{"line":126,"column":null}}},"8":{"name":"license_ramp_up_metric","decl":{"start":{"line":128,"column":22},"end":{"line":128,"column":44}},"loc":{"start":{"line":128,"column":60},"end":{"line":196,"column":null}}}},"branchMap":{"0":{"loc":{"start":{"line":40,"column":4},"end":{"line":43,"column":null}},"type":"if","locations":[{"start":{"line":40,"column":4},"end":{"line":43,"column":null}}]},"1":{"loc":{"start":{"line":51,"column":4},"end":{"line":56,"column":null}},"type":"if","locations":[{"start":{"line":51,"column":4},"end":{"line":56,"column":null}},{"start":{"line":53,"column":11},"end":{"line":56,"column":null}}]},"2":{"loc":{"start":{"line":51,"column":8},"end":{"line":51,"column":68}},"type":"binary-expr","locations":[{"start":{"line":51,"column":8},"end":{"line":51,"column":34}},{"start":{"line":51,"column":38},"end":{"line":51,"column":68}}]},"3":{"loc":{"start":{"line":87,"column":6},"end":{"line":92,"column":null}},"type":"if","locations":[{"start":{"line":87,"column":6},"end":{"line":92,"column":null}},{"start":{"line":90,"column":13},"end":{"line":92,"column":null}}]},"4":{"loc":{"start":{"line":90,"column":13},"end":{"line":92,"column":null}},"type":"if","locations":[{"start":{"line":90,"column":13},"end":{"line":92,"column":null}}]},"5":{"loc":{"start":{"line":141,"column":4},"end":{"line":150,"column":null}},"type":"if","locations":[{"start":{"line":141,"column":4},"end":{"line":150,"column":null}}]},"6":{"loc":{"start":{"line":146,"column":6},"end":{"line":149,"column":null}},"type":"if","locations":[{"start":{"line":146,"column":6},"end":{"line":149,"column":null}}]},"7":{"loc":{"start":{"line":160,"column":4},"end":{"line":167,"column":null}},"type":"if","locations":[{"start":{"line":160,"column":4},"end":{"line":167,"column":null}},{"start":{"line":162,"column":11},"end":{"line":167,"column":null}}]},"8":{"loc":{"start":{"line":164,"column":6},"end":{"line":166,"column":null}},"type":"if","locations":[{"start":{"line":164,"column":6},"end":{"line":166,"column":null}}]},"9":{"loc":{"start":{"line":171,"column":6},"end":{"line":173,"column":null}},"type":"if","locations":[{"start":{"line":171,"column":6},"end":{"line":173,"column":null}}]}},"s":{"0":1,"1":1,"2":1,"3":1,"4":1,"5":1,"6":1,"7":1,"8":1,"9":2,"10":2,"11":0,"12":4,"13":4,"14":4,"15":0,"16":0,"17":4,"18":4,"19":4,"20":0,"21":0,"22":0,"23":0,"24":1,"25":10,"26":10,"27":2739,"28":10,"29":1,"30":6,"31":6,"32":1,"33":4,"34":4,"35":67,"36":67,"37":346,"38":346,"39":346,"40":63,"41":283,"42":55,"43":4,"44":4,"45":1,"46":2,"47":2,"48":2,"49":2,"50":2,"51":2,"52":0,"53":0,"54":0,"55":2,"56":1,"57":2,"58":2,"59":2,"60":2,"61":2,"62":2,"63":2,"64":2,"65":2,"66":1,"67":1,"68":0,"69":2,"70":2,"71":2,"72":2,"73":2,"74":0,"75":0,"76":0,"77":2,"78":6,"79":0,"80":2,"81":2,"82":2,"83":2,"84":2,"85":2,"86":0,"87":2,"88":1},"f":{"0":2,"1":4,"2":10,"3":2739,"4":6,"5":4,"6":67,"7":2,"8":2},"b":{"0":[0],"1":[4,0],"2":[4,4],"3":[63,283],"4":[55],"5":[1],"6":[0],"7":[2,0],"8":[0],"9":[0]}}
,"C:\\Users\\Madi Arnold\\Desktop\\461-project-9\\src\\lint-score.ts": {"path":"C:\\Users\\Madi Arnold\\Desktop\\461-project-9\\src\\lint-score.ts","statementMap":{"0":{"start":{"line":8,"column":0},"end":{"line":8,"column":41}},"1":{"start":{"line":11,"column":2},"end":{"line":29,"column":null}},"2":{"start":{"line":13,"column":25},"end":{"line":13,"column":68}},"3":{"start":{"line":16,"column":23},"end":{"line":16,"column":66}},"4":{"start":{"line":17,"column":25},"end":{"line":17,"column":70}},"5":{"start":{"line":20,"column":24},"end":{"line":20,"column":49}},"6":{"start":{"line":23,"column":22},"end":{"line":23,"column":56}},"7":{"start":{"line":25,"column":4},"end":{"line":25,"column":21}},"8":{"start":{"line":27,"column":4},"end":{"line":27,"column":50}},"9":{"start":{"line":28,"column":4},"end":{"line":28,"column":13}},"10":{"start":{"line":32,"column":14},"end":{"line":32,"column":28}},"11":{"start":{"line":33,"column":0},"end":{"line":33,"column":34}},"12":{"start":{"line":34,"column":0},"end":{"line":34,"column":34}}},"fnMap":{"0":{"name":"getLintScore","decl":{"start":{"line":10,"column":9},"end":{"line":10,"column":21}},"loc":{"start":{"line":10,"column":21},"end":{"line":30,"column":1}}}},"branchMap":{"0":{"loc":{"start":{"line":16,"column":24},"end":{"line":16,"column":58}},"type":"binary-expr","locations":[{"start":{"line":16,"column":24},"end":{"line":16,"column":52}},{"start":{"line":16,"column":56},"end":{"line":16,"column":58}}]},"1":{"loc":{"start":{"line":17,"column":26},"end":{"line":17,"column":62}},"type":"binary-expr","locations":[{"start":{"line":17,"column":26},"end":{"line":17,"column":56}},{"start":{"line":17,"column":60},"end":{"line":17,"column":62}}]},"2":{"loc":{"start":{"line":34,"column":13},"end":{"line":34,"column":32}},"type":"cond-expr","locations":[{"start":{"line":34,"column":27},"end":{"line":34,"column":28}},{"start":{"line":34,"column":31},"end":{"line":34,"column":32}}]}},"s":{"0":0,"1":0,"2":0,"3":0,"4":0,"5":0,"6":0,"7":0,"8":0,"9":0,"10":0,"11":0,"12":0},"f":{"0":0},"b":{"0":[0,0],"1":[0,0],"2":[0,0]}}
,"C:\\Users\\Madi Arnold\\Desktop\\461-project-9\\src\\run.ts": {"path":"C:\\Users\\Madi Arnold\\Desktop\\461-project-9\\src\\run.ts","statementMap":{"0":{"start":{"line":2,"column":0},"end":{"line":2,"column":25}},"1":{"start":{"line":3,"column":0},"end":{"line":3,"column":66}},"2":{"start":{"line":4,"column":0},"end":{"line":4,"column":78}},"3":{"start":{"line":5,"column":0},"end":{"line":5,"column":33}},"4":{"start":{"line":9,"column":2},"end":{"line":9,"column":18}},"5":{"start":{"line":15,"column":2},"end":{"line":39,"column":null}},"6":{"start":{"line":16,"column":21},"end":{"line":16,"column":28}},"7":{"start":{"line":17,"column":25},"end":{"line":17,"column":59}},"8":{"start":{"line":20,"column":17},"end":{"line":20,"column":74}},"9":{"start":{"line":20,"column":56},"end":{"line":20,"column":73}},"10":{"start":{"line":26,"column":17},"end":{"line":26,"column":18}},"11":{"start":{"line":27,"column":4},"end":{"line":36,"column":null}},"12":{"start":{"line":28,"column":6},"end":{"line":28,"column":65}},"13":{"start":{"line":29,"column":6},"end":{"line":29,"column":59}},"14":{"start":{"line":30,"column":6},"end":{"line":30,"column":58}},"15":{"start":{"line":31,"column":6},"end":{"line":31,"column":58}},"16":{"start":{"line":32,"column":6},"end":{"line":32,"column":62}},"17":{"start":{"line":33,"column":6},"end":{"line":33,"column":67}},"18":{"start":{"line":34,"column":6},"end":{"line":34,"column":63}},"19":{"start":{"line":35,"column":6},"end":{"line":35,"column":74}},"20":{"start":{"line":38,"column":4},"end":{"line":38,"column":33}},"21":{"start":{"line":42,"column":2},"end":{"line":42,"column":18}},"22":{"start":{"line":52,"column":2},"end":{"line":52,"column":34}},"23":{"start":{"line":53,"column":2},"end":{"line":53,"column":18}},"24":{"start":{"line":57,"column":13},"end":{"line":57,"column":34}},"25":{"start":{"line":59,"column":0},"end":{"line":73,"column":null}},"26":{"start":{"line":61,"column":4},"end":{"line":61,"column":15}},"27":{"start":{"line":65,"column":4},"end":{"line":72,"column":7}},"28":{"start":{"line":66,"column":8},"end":{"line":71,"column":null}},"29":{"start":{"line":67,"column":12},"end":{"line":67,"column":null}},"30":{"start":{"line":69,"column":12},"end":{"line":69,"column":null}},"31":{"start":{"line":70,"column":12},"end":{"line":70,"column":33}}},"fnMap":{"0":{"name":"processUrls","decl":{"start":{"line":8,"column":15},"end":{"line":8,"column":26}},"loc":{"start":{"line":8,"column":42},"end":{"line":43,"column":null}}},"1":{"name":"(anonymous_9)","decl":{"start":{"line":20,"column":49},"end":{"line":20,"column":52}},"loc":{"start":{"line":20,"column":56},"end":{"line":20,"column":73}}},"2":{"name":"runTests","decl":{"start":{"line":46,"column":9},"end":{"line":46,"column":17}},"loc":{"start":{"line":46,"column":17},"end":{"line":54,"column":1}}},"3":{"name":"(anonymous_11)","decl":{"start":{"line":65,"column":42},"end":{"line":65,"column":43}},"loc":{"start":{"line":65,"column":50},"end":{"line":72,"column":5}}}},"branchMap":{"0":{"loc":{"start":{"line":59,"column":0},"end":{"line":73,"column":null}},"type":"if","locations":[{"start":{"line":59,"column":0},"end":{"line":73,"column":null}},{"start":{"line":64,"column":0},"end":{"line":73,"column":null}}]},"1":{"loc":{"start":{"line":66,"column":8},"end":{"line":71,"column":null}},"type":"if","locations":[{"start":{"line":66,"column":8},"end":{"line":71,"column":null}},{"start":{"line":68,"column":15},"end":{"line":71,"column":null}}]}},"s":{"0":0,"1":0,"2":0,"3":0,"4":0,"5":0,"6":0,"7":0,"8":0,"9":0,"10":0,"11":0,"12":0,"13":0,"14":0,"15":0,"16":0,"17":0,"18":0,"19":0,"20":0,"21":0,"22":0,"23":0,"24":0,"25":0,"26":0,"27":0,"28":0,"29":0,"30":0,"31":0},"f":{"0":0,"1":0,"2":0,"3":0},"b":{"0":[0,0],"1":[0,0]}}
}
