TN:
SF:src\license_ramp_up_metric.ts
FN:18,cloneRepository
FN:43,findGitHubRepoUrl
FN:72,countWords
FN:78,calculate_ramp_up_metric
FN:85,findAllFiles
FN:101,calculate_correctness_metric
FN:129,license_ramp_up_metric
FNF:7
FNH:7
FNDA:2,cloneRepository
FNDA:1,findGitHubRepoUrl
FNDA:2,countWords
FNDA:2,calculate_ramp_up_metric
FNDA:64,findAllFiles
FNDA:2,calculate_correctness_metric
FNDA:2,license_ramp_up_metric
DA:2,1
DA:3,1
DA:4,1
DA:5,1
DA:6,1
DA:7,1
DA:8,1
DA:9,1
DA:11,1
DA:19,2
DA:21,2
DA:31,2
DA:38,0
DA:44,1
DA:46,1
DA:48,1
DA:49,0
DA:50,0
DA:54,1
DA:59,1
DA:60,1
DA:62,0
DA:63,0
DA:66,0
DA:67,0
DA:73,2
DA:74,2
DA:79,2
DA:82,2
DA:86,64
DA:87,64
DA:88,64
DA:89,64
DA:90,341
DA:91,341
DA:92,341
DA:93,62
DA:94,279
DA:95,53
DA:98,64
DA:102,2
DA:104,2
DA:107,2
DA:110,2
DA:113,2
DA:114,2
DA:116,0
DA:120,1
DA:122,1
DA:125,1
DA:129,1
DA:130,2
DA:131,2
DA:132,2
DA:133,2
DA:134,2
DA:137,2
DA:140,2
DA:141,2
DA:142,2
DA:146,1
DA:147,1
DA:149,0
DA:156,2
DA:159,2
DA:160,2
DA:161,2
DA:162,2
DA:164,0
DA:165,0
DA:166,0
DA:171,2
DA:172,6
DA:173,0
DA:178,2
DA:179,2
DA:180,2
DA:184,2
DA:188,2
DA:189,2
DA:192,0
DA:196,2
LF:82
LH:68
BRDA:48,0,0,0
BRDA:59,1,0,1
BRDA:59,1,1,0
BRDA:59,2,0,1
BRDA:59,2,1,1
BRDA:92,3,0,62
BRDA:92,3,1,279
BRDA:94,4,0,53
BRDA:142,5,0,1
BRDA:147,6,0,0
BRDA:161,7,0,2
BRDA:161,7,1,0
BRDA:165,8,0,0
BRDA:172,9,0,0
BRF:14
BRH:8
end_of_record
TN:
SF:src\lint-score.ts
FN:10,getLintScore
FNF:1
FNH:0
FNDA:0,getLintScore
DA:8,0
DA:11,0
DA:13,0
DA:16,0
DA:17,0
DA:20,0
DA:23,0
DA:25,0
DA:27,0
DA:28,0
DA:32,0
DA:33,0
DA:34,0
LF:13
LH:0
BRDA:16,0,0,0
BRDA:16,0,1,0
BRDA:17,1,0,0
BRDA:17,1,1,0
BRDA:34,2,0,0
BRDA:34,2,1,0
BRF:6
BRH:0
end_of_record
TN:
SF:src\run.ts
FN:6,processUrls
FN:17,(anonymous_9)
FN:38,runTests
FN:57,(anonymous_11)
FNF:4
FNH:0
FNDA:0,processUrls
FNDA:0,(anonymous_9)
FNDA:0,runTests
FNDA:0,(anonymous_11)
DA:2,0
DA:3,0
DA:12,0
DA:13,0
DA:14,0
DA:17,0
DA:22,0
DA:23,0
DA:24,0
DA:25,0
DA:26,0
DA:27,0
DA:30,0
DA:34,0
DA:44,0
DA:45,0
DA:49,0
DA:51,0
DA:53,0
DA:57,0
DA:58,0
DA:59,0
DA:61,0
DA:62,0
LF:24
LH:0
BRDA:51,0,0,0
BRDA:51,0,1,0
BRDA:58,1,0,0
BRDA:58,1,1,0
BRF:4
BRH:0
end_of_record
