TN:
SF:src\license_ramp_up_metric.ts
FN:17,cloneRepository
FN:35,findGitHubRepoUrl
FN:64,countWords
FN:66,(anonymous_12)
FN:71,calculate_ramp_up_metric
FN:78,findAllFiles
FN:82,traverseDirectory
FN:100,calculate_correctness_metric
FN:128,license_ramp_up_metric
FNF:9
FNH:9
FNDA:2,cloneRepository
FNDA:4,findGitHubRepoUrl
FNDA:10,countWords
FNDA:2739,(anonymous_12)
FNDA:6,calculate_ramp_up_metric
FNDA:4,findAllFiles
FNDA:67,traverseDirectory
FNDA:2,calculate_correctness_metric
FNDA:2,license_ramp_up_metric
DA:2,1
DA:3,1
DA:4,1
DA:5,1
DA:6,1
DA:7,1
DA:8,1
DA:9,1
DA:11,1
DA:18,2
DA:20,2
DA:30,0
DA:35,1
DA:36,4
DA:38,4
DA:40,4
DA:41,0
DA:42,0
DA:46,4
DA:51,4
DA:52,4
DA:54,0
DA:55,0
DA:58,0
DA:59,0
DA:64,1
DA:65,10
DA:66,2739
DA:67,10
DA:71,1
DA:72,6
DA:75,6
DA:78,1
DA:79,4
DA:80,4
DA:83,67
DA:84,67
DA:85,346
DA:86,346
DA:87,346
DA:89,63
DA:90,283
DA:91,55
DA:96,4
DA:97,4
DA:100,1
DA:101,2
DA:103,2
DA:106,2
DA:109,2
DA:112,2
DA:113,2
DA:115,0
DA:119,0
DA:121,0
DA:124,2
DA:128,1
DA:129,2
DA:130,2
DA:131,2
DA:132,2
DA:133,2
DA:136,2
DA:139,2
DA:140,2
DA:141,2
DA:145,1
DA:146,1
DA:148,0
DA:155,2
DA:158,2
DA:159,2
DA:160,2
DA:161,2
DA:163,0
DA:164,0
DA:165,0
DA:170,2
DA:171,6
DA:172,0
DA:177,2
DA:178,2
DA:179,2
DA:183,2
DA:187,2
DA:188,2
DA:191,0
DA:195,2
LF:88
LH:72
BRDA:40,0,0,0
BRDA:51,1,0,4
BRDA:51,1,1,0
BRDA:51,2,0,4
BRDA:51,2,1,4
BRDA:87,3,0,63
BRDA:87,3,1,283
BRDA:90,4,0,55
BRDA:141,5,0,1
BRDA:146,6,0,0
BRDA:160,7,0,2
BRDA:160,7,1,0
BRDA:164,8,0,0
BRDA:171,9,0,0
BRF:14
BRH:8
end_of_record
TN:
SF:src\lint-score.ts
FN:10,getLintScore
FNF:1
FNH:0
FNDA:0,getLintScore
DA:8,0
DA:11,0
DA:13,0
DA:16,0
DA:17,0
DA:20,0
DA:23,0
DA:25,0
DA:27,0
DA:28,0
DA:32,0
DA:33,0
DA:34,0
LF:13
LH:0
BRDA:16,0,0,0
BRDA:16,0,1,0
BRDA:17,1,0,0
BRDA:17,1,1,0
BRDA:34,2,0,0
BRDA:34,2,1,0
BRF:6
BRH:0
end_of_record
TN:
SF:src\run.ts
FN:8,processUrls
FN:20,(anonymous_9)
FN:46,runTests
FN:65,(anonymous_11)
FNF:4
FNH:0
FNDA:0,processUrls
FNDA:0,(anonymous_9)
FNDA:0,runTests
FNDA:0,(anonymous_11)
DA:2,0
DA:3,0
DA:4,0
DA:5,0
DA:9,0
DA:15,0
DA:16,0
DA:17,0
DA:20,0
DA:26,0
DA:27,0
DA:28,0
DA:29,0
DA:30,0
DA:31,0
DA:32,0
DA:33,0
DA:34,0
DA:35,0
DA:38,0
DA:42,0
DA:52,0
DA:53,0
DA:57,0
DA:59,0
DA:61,0
DA:65,0
DA:66,0
DA:67,0
DA:69,0
DA:70,0
LF:31
LH:0
BRDA:59,0,0,0
BRDA:59,0,1,0
BRDA:66,1,0,0
BRDA:66,1,1,0
BRF:4
BRH:0
end_of_record
